2024-09-28 18:38:13,763 - socket_client.file - INFO - server had received your msg
2024-09-28 18:38:30,049 - socket_client.file - INFO - server had received your msg
2024-09-28 18:38:43,417 - socket_client.file - INFO - communication end！
2024-09-28 19:06:22,011 - socket_client.file - INFO - connected with id: hopper1f8b14ef-bd0a-46bd-adbe-cb511fac5b95
2024-09-28 19:08:15,541 - socket_client.file - INFO - connected with id: connected with id: turing012a7f85-7553-4774-b58f-d2c3d27e43aa
2024-09-28 19:08:43,058 - socket_client.file - INFO - connected with id: connected with id: einsteind5b57822-b12d-4272-bbf1-8939432786a3

2024-09-28 19:08:52,819 - socket_client.file - INFO - connected with id: connected with id: curiebe6db1bc-ecdd-4f07-ab5e-f3cad9172d28
2024-09-28 19:09:21,839 - socket_client.file - INFO - connected with id: connected with id: lovelace-96310b6c-bcf0-4a77-b2ae-531455a167b4
2024-09-28 19:09:29,677 - socket_client.file - INFO - server had received your msg
2024-09-28 19:09:48,752 - socket_client.file - INFO - server had received your msg
2024-09-28 19:10:34,037 - socket_client.file - WARNING - 
2024-09-28 19:21:37,650 - socket_client.file - INFO - connected with id: connected with id: einstein-9b8dd3c3-baa5-4598-913f-36950676a1c5
2024-09-28 19:23:18,560 - socket_client.file - INFO - connected with id: dijkstra-64ee414c-8ed9-4194-8b17-5a6b67e5d971
2024-09-28 19:23:59,118 - socket_client.file - INFO - active clients: ['dijkstra-64ee414c-8ed9-4194-8b17-5a6b67e5d971']
2024-09-28 19:25:29,517 - socket_client.file - INFO - connected with id: turing-651b9193-3de2-411b-b120-27ab3d633d61
2024-09-28 19:25:38,058 - socket_client.file - INFO - server had received your msg
2024-09-28 19:25:43,204 - socket_client.file - INFO - server had received your msg
2024-09-28 19:26:05,865 - socket_client.file - INFO - connected with id: curie-6aa41c8a-c9ee-4e1e-afa0-a4629e1b5d1c
2024-09-28 19:26:07,938 - socket_client.file - INFO - server had received your msg
2024-09-28 19:26:10,547 - socket_client.file - INFO - server had received your msg
2024-09-28 19:26:23,477 - socket_client.file - INFO - active clients: ['curie-6aa41c8a-c9ee-4e1e-afa0-a4629e1b5d1c', 'turing-651b9193-3de2-411b-b120-27ab3d633d61']
2024-09-28 19:26:34,475 - socket_client.file - INFO - [{'role': 'server', 'msg': 'connected with id: curie-6aa41c8a-c9ee-4e1e-afa0-a4629e1b5d1c'}, {'role': 'client', 'msg': 'hello'}, {'role': 'server', 'msg': 'server had received your msg'}, {'role': 'client', 'msg': 'how are you'}, {'role': 'server', 'msg': 'server had received your msg'}, {'role': 'client', 'msg': 'list'}, {'role': 'server', 'msg': "active clients: ['curie-6aa41c8a-c9ee-4e1e-afa0-a4629e1b5d1c', 'turing-651b9193-3de2-411b-b120-27ab3d633d61']"}, {'role': 'client', 'msg': 'history curie-6aa41c8a-c9ee-4e1e-afa0-a4629e1b5d1c'}]
2024-09-28 19:27:03,753 - socket_client.file - INFO - [{'role': 'server', 'msg': 'connected with id: turing-651b9193-3de2-411b-b120-27ab3d633d61'}, {'role': 'client', 'msg': 'hello'}, {'role': 'server', 'msg': 'server had received your msg'}, {'role': 'client', 'msg': 'how are you'}, {'role': 'server', 'msg': 'server had received your msg'}, {'role': 'client', 'msg': ''}, {'role': 'server', 'msg': 'server had received your msg'}, {'role': 'client', 'msg': ''}, {'role': 'server', 'msg': 'server had received your msg'}]
2024-09-28 19:45:13,274 - socket_client.file - INFO - connected with id: newton-7c1fa3bd-ed91-4f70-8c6d-28dae9eb21d5
2024-09-28 19:57:43,261 - socket_client.file - INFO - connected with id: gauss-4db77213-7b18-4858-bcdd-db3cdefad1ef
2024-09-28 19:57:51,929 - socket_client.file - INFO - server had received your msg
2024-09-28 19:58:01,561 - socket_client.file - INFO - server had received your msg
2024-09-28 19:58:05,251 - socket_client.file - INFO - active clients: ['gauss-4db77213-7b18-4858-bcdd-db3cdefad1ef']
2024-09-28 19:58:16,645 - socket_client.file - INFO - [{'role': 'server', 'msg': 'connected with id: gauss-4db77213-7b18-4858-bcdd-db3cdefad1ef'}, {'role': 'client', 'msg': 'hello'}, {'role': 'server', 'msg': 'server had received your msg'}, {'role': 'client', 'msg': 'how are you?'}, {'role': 'server', 'msg': 'server had received your msg'}, {'role': 'client', 'msg': 'list'}, {'role': 'server', 'msg': "active clients: ['gauss-4db77213-7b18-4858-bcdd-db3cdefad1ef']"}, {'role': 'client', 'msg': 'history gauss-4db77213-7b18-4858-bcdd-db3cdefad1ef'}]
2024-09-28 19:58:42,758 - socket_client.file - INFO - connected with id: gauss-2c003d77-a059-4c28-a440-535cb9938908
2024-09-28 19:58:51,151 - socket_client.file - INFO - server had received your msg
2024-09-28 19:59:08,575 - socket_client.file - INFO - server had received your msg
2024-09-28 19:59:12,915 - socket_client.file - INFO - active clients: ['gauss-2c003d77-a059-4c28-a440-535cb9938908', 'gauss-4db77213-7b18-4858-bcdd-db3cdefad1ef']
2024-09-28 19:59:21,855 - socket_client.file - INFO - [{'role': 'server', 'msg': 'connected with id: gauss-2c003d77-a059-4c28-a440-535cb9938908'}, {'role': 'client', 'msg': 'hello'}, {'role': 'server', 'msg': 'server had received your msg'}, {'role': 'client', 'msg': 'I am your new connection'}, {'role': 'server', 'msg': 'server had received your msg'}, {'role': 'client', 'msg': 'list'}, {'role': 'server', 'msg': "active clients: ['gauss-2c003d77-a059-4c28-a440-535cb9938908', 'gauss-4db77213-7b18-4858-bcdd-db3cdefad1ef']"}, {'role': 'client', 'msg': 'history gauss-2c003d77-a059-4c28-a440-535cb9938908'}]
2024-09-28 20:00:46,305 - socket_client.file - INFO - gauss-4db77213-7b18-4858-bcdd-db3cdefad1ef: how are you today?
2024-09-28 20:02:32,744 - socket_client.file - INFO - connected with id: einstein-76b96083-5785-4ce3-ac6a-32d8678069ba
2024-09-28 20:02:35,705 - socket_client.file - INFO - server had received your msg
2024-09-28 20:02:41,349 - socket_client.file - INFO - server had received your msg
2024-09-28 20:02:46,886 - socket_client.file - INFO - active clients: ['einstein-76b96083-5785-4ce3-ac6a-32d8678069ba']
2024-09-28 20:02:50,480 - socket_client.file - INFO - connected with id: turing-fd36fe20-aa3b-4b1a-b8fe-b6bd42591e62
2024-09-28 20:02:53,444 - socket_client.file - INFO - server had received your msg
2024-09-28 20:03:00,526 - socket_client.file - INFO - server had received your msg
2024-09-28 20:03:09,212 - socket_client.file - INFO - active clients: ['einstein-76b96083-5785-4ce3-ac6a-32d8678069ba', 'turing-fd36fe20-aa3b-4b1a-b8fe-b6bd42591e62']
2024-09-28 20:03:22,185 - socket_client.file - INFO - [{'role': 'server', 'msg': 'connected with id: einstein-76b96083-5785-4ce3-ac6a-32d8678069ba'}, {'role': 'client', 'msg': 'hello'}, {'role': 'server', 'msg': 'server had received your msg'}, {'role': 'client', 'msg': 'how are you?'}, {'role': 'server', 'msg': 'server had received your msg'}, {'role': 'client', 'msg': 'list'}, {'role': 'server', 'msg': "active clients: ['einstein-76b96083-5785-4ce3-ac6a-32d8678069ba']"}]
2024-09-28 20:29:31,334 - socket_client.file - INFO - connected with id: turing-aff3c29e-e614-481c-a11c-c14c43024248
2024-09-28 20:29:33,266 - socket_client.file - INFO - server had received your msg
2024-09-28 20:29:39,563 - socket_client.file - INFO - server had received your msg
2024-09-28 20:29:44,656 - socket_client.file - INFO - connected with id: tesla-484a764d-ff11-483d-a914-98628af98b8f
2024-09-28 20:29:46,279 - socket_client.file - INFO - server had received your msg
2024-09-28 20:29:49,166 - socket_client.file - INFO - server had received your msg
2024-09-28 20:29:50,305 - socket_client.file - INFO - active clients: ['turing-aff3c29e-e614-481c-a11c-c14c43024248', 'tesla-484a764d-ff11-483d-a914-98628af98b8f']
2024-09-28 20:30:00,159 - socket_client.file - INFO - [{'role': 'server', 'msg': 'connected with id: turing-aff3c29e-e614-481c-a11c-c14c43024248'}, {'role': 'client', 'msg': 'hello'}, {'role': 'server', 'msg': 'server had received your msg'}, {'role': 'client', 'msg': 'how are you?'}, {'role': 'server', 'msg': 'server had received your msg'}]
2024-09-28 20:30:20,605 - socket_client.file - INFO - Message forwarded to turing-aff3c29e-e614-481c-a11c-c14c43024248
2024-09-28 20:30:20,605 - socket_client.file - INFO - turing-aff3c29e-e614-481c-a11c-c14c43024248: how are you Turing?
2024-09-29 15:45:19,063 - socket_client.file - INFO - connected with id: dijkstra-75ef7285-304d-4f96-afa6-bd0617205371
2024-09-29 15:45:24,649 - socket_client.file - INFO - server had received your msg
2024-09-29 15:45:34,666 - socket_client.file - INFO - server had received your msg
2024-09-29 15:45:43,534 - socket_client.file - INFO - active clients: ['dijkstra-75ef7285-304d-4f96-afa6-bd0617205371']
2024-09-29 15:45:50,961 - socket_client.file - INFO - [{'role': 'server', 'msg': 'connected with id: dijkstra-75ef7285-304d-4f96-afa6-bd0617205371'}, {'role': 'client', 'msg': 'hello how are you?'}, {'role': 'server', 'msg': 'server had received your msg'}, {'role': 'client', 'msg': 'what is your name?'}, {'role': 'server', 'msg': 'server had received your msg'}, {'role': 'client', 'msg': 'list'}, {'role': 'server', 'msg': "active clients: ['dijkstra-75ef7285-304d-4f96-afa6-bd0617205371']"}, {'role': 'client', 'msg': 'history dijkstra-75ef7285-304d-4f96-afa6-bd0617205371'}]
2024-09-29 15:46:01,301 - socket_client.file - INFO - connected with id: babbage-0faaabeb-de14-4a03-84c2-9256ae10e29d
2024-09-29 15:46:11,151 - socket_client.file - INFO - server had received your msg
2024-09-29 15:46:25,312 - socket_client.file - INFO - server had received your msg
2024-09-29 15:46:33,022 - socket_client.file - INFO - active clients: ['babbage-0faaabeb-de14-4a03-84c2-9256ae10e29d', 'dijkstra-75ef7285-304d-4f96-afa6-bd0617205371']
2024-09-29 15:46:39,924 - socket_client.file - INFO - [{'role': 'server', 'msg': 'connected with id: dijkstra-75ef7285-304d-4f96-afa6-bd0617205371'}, {'role': 'client', 'msg': 'hello how are you?'}, {'role': 'server', 'msg': 'server had received your msg'}, {'role': 'client', 'msg': 'what is your name?'}, {'role': 'server', 'msg': 'server had received your msg'}, {'role': 'client', 'msg': 'list'}, {'role': 'server', 'msg': "active clients: ['dijkstra-75ef7285-304d-4f96-afa6-bd0617205371']"}, {'role': 'client', 'msg': 'history dijkstra-75ef7285-304d-4f96-afa6-bd0617205371'}, {'role': 'server', 'msg': [...]}]
2024-09-29 15:47:33,566 - socket_client.file - INFO - Message forwarded to dijkstra-75ef7285-304d-4f96-afa6-bd0617205371
2024-09-29 15:47:33,567 - socket_client.file - INFO - dijkstra-75ef7285-304d-4f96-afa6-bd0617205371: how are you doing today, dijkstra?
2024-09-29 15:50:48,581 - socket_client.file - INFO - connected with id: tesla-4e449ec8-8b0d-48c3-8459-1d75a9f3febd
2024-09-29 15:50:52,043 - socket_client.file - INFO - server had received your msg
2024-09-29 15:50:56,109 - socket_client.file - INFO - connected with id: dijkstra-bb132a51-a04d-40a1-b100-f0079caf2232
2024-09-29 15:50:57,609 - socket_client.file - INFO - server had received your msg
2024-09-29 15:52:02,731 - socket_client.file - INFO - Message forwarded to tesla-4e449ec8-8b0d-48c3-8459-1d75a9f3febd
2024-09-29 15:52:02,731 - socket_client.file - INFO - dijkstra-bb132a51-a04d-40a1-b100-f0079caf2232: hello, Tesla
2024-09-29 15:52:15,414 - socket_client.file - INFO - server had received your msg
2024-09-29 15:53:13,515 - socket_client.file - INFO - Message forwarded to dijkstra-bb132a51-a04d-40a1-b100-f0079caf2232
2024-09-29 15:53:13,515 - socket_client.file - INFO - tesla-4e449ec8-8b0d-48c3-8459-1d75a9f3febd: hey dijkstra, I am fine, how are you?
2024-09-29 16:04:50,932 - socket_client.file - INFO - connected with id: hopper-3fc7a041-4790-40f0-94fc-15df1e3ac252
2024-09-29 16:05:11,856 - socket_client.file - INFO - connected with id: curie-7fa1765b-bc05-4682-bf4e-69775d1d9059
2024-09-29 16:05:23,977 - socket_client.file - INFO - connected with id: turing-72177f58-c52c-43f9-bcba-0d5aef457389
2024-09-29 16:05:55,891 - socket_client.file - INFO - server had received your msg
2024-09-29 16:06:05,244 - socket_client.file - INFO - server had received your msg
2024-09-29 16:06:25,918 - socket_client.file - INFO - server had received your msg
2024-09-29 16:06:30,717 - socket_client.file - INFO - server had received your msg
2024-09-29 16:06:33,599 - socket_client.file - INFO - active clients: ['turing-72177f58-c52c-43f9-bcba-0d5aef457389', 'curie-7fa1765b-bc05-4682-bf4e-69775d1d9059']
2024-09-29 16:06:40,841 - socket_client.file - INFO - active clients: ['turing-72177f58-c52c-43f9-bcba-0d5aef457389', 'curie-7fa1765b-bc05-4682-bf4e-69775d1d9059']
2024-09-29 16:06:49,588 - socket_client.file - INFO - [{'role': 'server', 'msg': 'connected with id: turing-72177f58-c52c-43f9-bcba-0d5aef457389'}, {'role': 'client', 'msg': 'hi'}, {'role': 'server', 'msg': 'server had received your msg'}, {'role': 'client', 'msg': 'how are you?'}, {'role': 'server', 'msg': 'server had received your msg'}, {'role': 'client', 'msg': 'list'}, {'role': 'server', 'msg': "active clients: ['turing-72177f58-c52c-43f9-bcba-0d5aef457389', 'curie-7fa1765b-bc05-4682-bf4e-69775d1d9059']"}]
2024-09-29 16:07:23,837 - socket_client.file - INFO - [{'role': 'server', 'msg': 'connected with id: curie-7fa1765b-bc05-4682-bf4e-69775d1d9059'}, {'role': 'client', 'msg': 'hello!'}, {'role': 'server', 'msg': 'server had received your msg'}, {'role': 'client', 'msg': 'sup?'}, {'role': 'server', 'msg': 'server had received your msg'}, {'role': 'client', 'msg': 'list'}, {'role': 'server', 'msg': "active clients: ['turing-72177f58-c52c-43f9-bcba-0d5aef457389', 'curie-7fa1765b-bc05-4682-bf4e-69775d1d9059']"}, {'role': 'client', 'msg': 'history turing-72177f58-c52c-43f9-bcba-0d5aef457389'}]
2024-09-29 16:08:27,345 - socket_client.file - INFO - Message forwarded to curie-7fa1765b-bc05-4682-bf4e-69775d1d9059
2024-09-29 16:08:27,345 - socket_client.file - INFO - curie-7fa1765b-bc05-4682-bf4e-69775d1d9059: how are you today, Curie?
2024-09-29 16:23:13,372 - socket_client.file - INFO - connected with id: newton-d0b4ab48-0fa0-4316-ac31-79f2e4b6b5a1
2024-09-29 16:23:17,267 - socket_client.file - INFO - connected with id: einstein-d216a9fc-618d-4838-85ab-9b8bf0e5648f
2024-09-29 16:23:35,638 - socket_client.file - INFO - server had received your msg
2024-09-29 16:23:44,367 - socket_client.file - INFO - server had received your msg
2024-09-29 16:23:45,838 - socket_client.file - INFO - active clients: ['newton-d0b4ab48-0fa0-4316-ac31-79f2e4b6b5a1', 'einstein-d216a9fc-618d-4838-85ab-9b8bf0e5648f']
2024-09-29 16:24:00,086 - socket_client.file - INFO - server had received your msg
2024-09-29 16:24:03,403 - socket_client.file - INFO - server had received your msg
2024-09-29 16:24:11,156 - socket_client.file - INFO - active clients: ['newton-d0b4ab48-0fa0-4316-ac31-79f2e4b6b5a1', 'einstein-d216a9fc-618d-4838-85ab-9b8bf0e5648f']
2024-09-29 16:24:20,308 - socket_client.file - INFO - [{'role': 'server', 'msg': 'connected with id: newton-d0b4ab48-0fa0-4316-ac31-79f2e4b6b5a1'}, {'role': 'client', 'msg': 'hello'}, {'role': 'server', 'msg': 'server had received your msg'}, {'role': 'client', 'msg': 'sup?'}, {'role': 'server', 'msg': 'server had received your msg'}, {'role': 'client', 'msg': 'list'}, {'role': 'server', 'msg': "active clients: ['newton-d0b4ab48-0fa0-4316-ac31-79f2e4b6b5a1', 'einstein-d216a9fc-618d-4838-85ab-9b8bf0e5648f']"}, {'role': 'client', 'msg': 'history newton-d0b4ab48-0fa0-4316-ac31-79f2e4b6b5a1'}]
2024-09-29 16:24:57,929 - socket_client.file - INFO - [{'role': 'server', 'msg': 'connected with id: newton-d0b4ab48-0fa0-4316-ac31-79f2e4b6b5a1'}, {'role': 'client', 'msg': 'hello'}, {'role': 'server', 'msg': 'server had received your msg'}, {'role': 'client', 'msg': 'sup?'}, {'role': 'server', 'msg': 'server had received your msg'}, {'role': 'client', 'msg': 'list'}, {'role': 'server', 'msg': "active clients: ['newton-d0b4ab48-0fa0-4316-ac31-79f2e4b6b5a1', 'einstein-d216a9fc-618d-4838-85ab-9b8bf0e5648f']"}, {'role': 'client', 'msg': 'history newton-d0b4ab48-0fa0-4316-ac31-79f2e4b6b5a1'}, {'role': 'server', 'msg': [...]}]
2024-09-29 16:25:23,370 - socket_client.file - INFO - Message forwarded to newton-d0b4ab48-0fa0-4316-ac31-79f2e4b6b5a1
2024-09-29 16:25:23,370 - socket_client.file - INFO - einstein-d216a9fc-618d-4838-85ab-9b8bf0e5648f: How are you doing today, Newton?
2024-09-29 16:26:04,215 - socket_client.file - INFO - Message forwarded to einstein-d216a9fc-618d-4838-85ab-9b8bf0e5648f
2024-09-29 16:26:04,215 - socket_client.file - INFO - newton-d0b4ab48-0fa0-4316-ac31-79f2e4b6b5a1: I am ok! How are you?!
2024-09-29 16:26:28,707 - socket_client.file - INFO - active clients: ['einstein-d216a9fc-618d-4838-85ab-9b8bf0e5648f']
2024-09-29 16:26:39,165 - socket_client.file - INFO - [{'role': 'server', 'msg': 'connected with id: newton-d0b4ab48-0fa0-4316-ac31-79f2e4b6b5a1'}, {'role': 'client', 'msg': 'hello'}, {'role': 'server', 'msg': 'server had received your msg'}, {'role': 'client', 'msg': 'sup?'}, {'role': 'server', 'msg': 'server had received your msg'}, {'role': 'client', 'msg': 'list'}, {'role': 'server', 'msg': "active clients: ['newton-d0b4ab48-0fa0-4316-ac31-79f2e4b6b5a1', 'einstein-d216a9fc-618d-4838-85ab-9b8bf0e5648f']"}, {'role': 'client', 'msg': 'history newton-d0b4ab48-0fa0-4316-ac31-79f2e4b6b5a1'}, {'role': 'server', 'msg': [...]}, {'role': 'server', 'msg': 'einstein-d216a9fc-618d-4838-85ab-9b8bf0e5648f: How are you doing today, Newton?'}, {'role': 'client', 'msg': 'forward I am ok! How are you?! einstein-d216a9fc-618d-4838-85ab-9b8bf0e5648f'}, {'role': 'server', 'msg': 'newton-d0b4ab48-0fa0-4316-ac31-79f2e4b6b5a1: I am ok! How are you?!'}]
2024-09-29 16:27:34,925 - socket_client.file - INFO - connected with id: gauss-a628a6cf-49ac-4ab8-a2b5-5c45f94cb7e3
2024-09-29 16:27:36,282 - socket_client.file - WARNING - Goodbye
